2025-11-16 16:11:22 [main] ERROR BaseClass - This is the error message
2025-11-16 16:11:22 [main] FATAL BaseClass - This is the fatal message
2025-11-16 16:13:54 [main] ERROR BaseClass - This is the error message
2025-11-16 16:13:54 [main] FATAL BaseClass - This is the fatal message
2025-11-16 16:59:26 [main] ERROR BaseClass - This is the error message
2025-11-16 16:59:26 [main] FATAL BaseClass - This is the fatal message
2025-11-16 17:02:23 [main] ERROR BaseClass - This is the error message
2025-11-16 17:02:23 [main] FATAL BaseClass - This is the fatal message
2025-11-16 17:15:08 [TestNG-test-OrangeHRMtest-2] ERROR BaseClass - This is the error message
2025-11-16 17:15:08 [TestNG-test-OrangeHRMtest-2] FATAL BaseClass - This is the fatal message
2025-11-16 17:15:09 [TestNG-test-OrangeHRMtest-4] ERROR BaseClass - This is the error message
2025-11-16 17:15:09 [TestNG-test-OrangeHRMtest-4] FATAL BaseClass - This is the fatal message
2025-11-16 17:15:10 [TestNG-test-OrangeHRMtest-3] ERROR BaseClass - This is the error message
2025-11-16 17:15:10 [TestNG-test-OrangeHRMtest-3] FATAL BaseClass - This is the fatal message
2025-11-16 17:15:11 [TestNG-test-OrangeHRMtest-1] ERROR BaseClass - This is the error message
2025-11-16 17:15:11 [TestNG-test-OrangeHRMtest-1] FATAL BaseClass - This is the fatal message
2025-11-16 17:15:13 [TestNG-test-OrangeHRMtest-3] ERROR BaseClass - This is the error message
2025-11-16 17:15:13 [TestNG-test-OrangeHRMtest-3] FATAL BaseClass - This is the fatal message
2025-11-16 17:27:26 [TestNG-test-OrangeHRMtest-1] ERROR BaseClass - This is the error message
2025-11-16 17:27:26 [TestNG-test-OrangeHRMtest-1] FATAL BaseClass - This is the fatal message
2025-11-16 17:27:27 [TestNG-test-OrangeHRMtest-3] ERROR BaseClass - This is the error message
2025-11-16 17:27:27 [TestNG-test-OrangeHRMtest-3] FATAL BaseClass - This is the fatal message
2025-11-16 17:27:28 [TestNG-test-OrangeHRMtest-4] ERROR BaseClass - This is the error message
2025-11-16 17:27:28 [TestNG-test-OrangeHRMtest-4] FATAL BaseClass - This is the fatal message
2025-11-16 17:27:31 [TestNG-test-OrangeHRMtest-2] ERROR BaseClass - This is the error message
2025-11-16 17:27:31 [TestNG-test-OrangeHRMtest-2] FATAL BaseClass - This is the fatal message
2025-11-16 17:27:33 [TestNG-test-OrangeHRMtest-3] ERROR BaseClass - This is the error message
2025-11-16 17:27:33 [TestNG-test-OrangeHRMtest-3] FATAL BaseClass - This is the fatal message
2025-11-16 17:29:17 [main] ERROR BaseClass - This is the error message
2025-11-16 17:29:17 [main] FATAL BaseClass - This is the fatal message
2025-11-16 17:30:19 [TestNG-test-OrangeHRMtest-2] ERROR BaseClass - This is the error message
2025-11-16 17:30:19 [TestNG-test-OrangeHRMtest-3] ERROR BaseClass - This is the error message
2025-11-16 17:30:19 [TestNG-test-OrangeHRMtest-2] FATAL BaseClass - This is the fatal message
2025-11-16 17:30:19 [TestNG-test-OrangeHRMtest-3] FATAL BaseClass - This is the fatal message
2025-11-16 17:30:19 [TestNG-test-OrangeHRMtest-1] ERROR BaseClass - This is the error message
2025-11-16 17:30:19 [TestNG-test-OrangeHRMtest-1] FATAL BaseClass - This is the fatal message
2025-11-16 17:30:20 [TestNG-test-OrangeHRMtest-4] ERROR BaseClass - This is the error message
2025-11-16 17:30:20 [TestNG-test-OrangeHRMtest-4] FATAL BaseClass - This is the fatal message
2025-11-16 17:30:24 [TestNG-test-OrangeHRMtest-3] ERROR BaseClass - This is the error message
2025-11-16 17:30:24 [TestNG-test-OrangeHRMtest-3] FATAL BaseClass - This is the fatal message
2025-11-16 17:31:50 [TestNG-tests-1] ERROR BaseClass - This is the error message
2025-11-16 17:31:50 [TestNG-tests-1] FATAL BaseClass - This is the fatal message
2025-11-16 17:31:54 [TestNG-tests-1] ERROR BaseClass - This is the error message
2025-11-16 17:31:54 [TestNG-tests-1] FATAL BaseClass - This is the fatal message
2025-11-16 17:31:57 [TestNG-tests-1] ERROR BaseClass - This is the error message
2025-11-16 17:31:57 [TestNG-tests-1] FATAL BaseClass - This is the fatal message
2025-11-16 17:32:03 [TestNG-tests-1] ERROR BaseClass - This is the error message
2025-11-16 17:32:03 [TestNG-tests-1] FATAL BaseClass - This is the fatal message
2025-11-16 17:32:10 [TestNG-tests-1] ERROR BaseClass - This is the error message
2025-11-16 17:32:10 [TestNG-tests-1] FATAL BaseClass - This is the fatal message
2025-11-16 17:33:38 [TestNG-test-OrangeHRMtest-5] ERROR BaseClass - This is the error message
2025-11-16 17:33:38 [TestNG-test-OrangeHRMtest-5] FATAL BaseClass - This is the fatal message
2025-11-16 17:33:38 [TestNG-test-OrangeHRMtest-2] ERROR BaseClass - This is the error message
2025-11-16 17:33:38 [TestNG-test-OrangeHRMtest-2] FATAL BaseClass - This is the fatal message
2025-11-16 17:33:38 [TestNG-test-OrangeHRMtest-4] ERROR BaseClass - This is the error message
2025-11-16 17:33:38 [TestNG-test-OrangeHRMtest-4] FATAL BaseClass - This is the fatal message
2025-11-16 17:33:38 [TestNG-test-OrangeHRMtest-1] ERROR BaseClass - This is the error message
2025-11-16 17:33:38 [TestNG-test-OrangeHRMtest-1] FATAL BaseClass - This is the fatal message
2025-11-16 17:33:39 [TestNG-test-OrangeHRMtest-3] ERROR BaseClass - This is the error message
2025-11-16 17:33:39 [TestNG-test-OrangeHRMtest-3] FATAL BaseClass - This is the fatal message
2025-11-16 17:39:18 [main] ERROR BaseClass - This is the error message
2025-11-16 17:39:18 [main] FATAL BaseClass - This is the fatal message
2025-11-16 17:39:35 [TestNG-test-OrangeHRMtest-4] ERROR BaseClass - This is the error message
2025-11-16 17:39:35 [TestNG-test-OrangeHRMtest-4] FATAL BaseClass - This is the fatal message
2025-11-16 17:39:37 [TestNG-test-OrangeHRMtest-3] ERROR BaseClass - This is the error message
2025-11-16 17:39:37 [TestNG-test-OrangeHRMtest-3] FATAL BaseClass - This is the fatal message
2025-11-16 17:39:37 [TestNG-test-OrangeHRMtest-5] ERROR BaseClass - This is the error message
2025-11-16 17:39:37 [TestNG-test-OrangeHRMtest-5] FATAL BaseClass - This is the fatal message
2025-11-16 17:39:37 [TestNG-test-OrangeHRMtest-2] ERROR BaseClass - This is the error message
2025-11-16 17:39:37 [TestNG-test-OrangeHRMtest-2] FATAL BaseClass - This is the fatal message
2025-11-16 17:39:37 [TestNG-test-OrangeHRMtest-1] ERROR BaseClass - This is the error message
2025-11-16 17:39:37 [TestNG-test-OrangeHRMtest-1] FATAL BaseClass - This is the fatal message
2025-11-16 18:00:30 [TestNG-test-OrangeHRMtest-5] ERROR BaseClass - This is the error message
2025-11-16 18:00:30 [TestNG-test-OrangeHRMtest-5] FATAL BaseClass - This is the fatal message
2025-11-16 18:00:30 [TestNG-test-OrangeHRMtest-1] ERROR BaseClass - This is the error message
2025-11-16 18:00:30 [TestNG-test-OrangeHRMtest-1] FATAL BaseClass - This is the fatal message
2025-11-16 18:00:30 [TestNG-test-OrangeHRMtest-3] ERROR BaseClass - This is the error message
2025-11-16 18:00:30 [TestNG-test-OrangeHRMtest-3] FATAL BaseClass - This is the fatal message
2025-11-16 18:00:31 [TestNG-test-OrangeHRMtest-2] ERROR BaseClass - This is the error message
2025-11-16 18:00:31 [TestNG-test-OrangeHRMtest-2] FATAL BaseClass - This is the fatal message
2025-11-16 18:00:31 [TestNG-test-OrangeHRMtest-4] ERROR BaseClass - This is the error message
2025-11-16 18:00:31 [TestNG-test-OrangeHRMtest-4] FATAL BaseClass - This is the fatal message
2025-11-16 18:03:26 [main] ERROR BaseClass - This is the error message
2025-11-16 18:03:26 [main] FATAL BaseClass - This is the fatal message
2025-11-16 18:07:52 [TestNG-tests-2] ERROR BaseClass - This is the error message
2025-11-16 18:07:52 [TestNG-tests-2] FATAL BaseClass - This is the fatal message
2025-11-16 18:07:52 [TestNG-tests-1] ERROR BaseClass - This is the error message
2025-11-16 18:07:52 [TestNG-tests-1] FATAL BaseClass - This is the fatal message
2025-11-16 18:07:56 [TestNG-tests-1] ERROR BaseClass - This is the error message
2025-11-16 18:07:56 [TestNG-tests-1] FATAL BaseClass - This is the fatal message
2025-11-16 18:07:56 [TestNG-tests-2] ERROR BaseClass - This is the error message
2025-11-16 18:07:56 [TestNG-tests-2] FATAL BaseClass - This is the fatal message
2025-11-16 18:07:59 [TestNG-tests-1] ERROR BaseClass - This is the error message
2025-11-16 18:07:59 [TestNG-tests-1] FATAL BaseClass - This is the fatal message
2025-11-16 18:07:59 [TestNG-tests-2] ERROR BaseClass - This is the error message
2025-11-16 18:07:59 [TestNG-tests-2] FATAL BaseClass - This is the fatal message
2025-11-16 18:08:05 [TestNG-tests-2] ERROR BaseClass - This is the error message
2025-11-16 18:08:05 [TestNG-tests-2] FATAL BaseClass - This is the fatal message
2025-11-16 18:08:05 [TestNG-tests-1] ERROR BaseClass - This is the error message
2025-11-16 18:08:05 [TestNG-tests-1] FATAL BaseClass - This is the fatal message
2025-11-16 18:08:11 [TestNG-tests-2] ERROR BaseClass - This is the error message
2025-11-16 18:08:11 [TestNG-tests-2] FATAL BaseClass - This is the fatal message
2025-11-16 18:08:12 [TestNG-tests-1] ERROR BaseClass - This is the error message
2025-11-16 18:08:12 [TestNG-tests-1] FATAL BaseClass - This is the fatal message
2025-11-16 18:16:59 [TestNG-test-OrangeHRMtest-4] ERROR BaseClass - This is the error message
2025-11-16 18:16:59 [TestNG-test-OrangeHRMtest-4] FATAL BaseClass - This is the fatal message
2025-11-16 18:16:59 [TestNG-test-OrangeHRMtest-1] ERROR BaseClass - This is the error message
2025-11-16 18:16:59 [TestNG-test-OrangeHRMtest-1] FATAL BaseClass - This is the fatal message
2025-11-16 18:16:59 [TestNG-test-OrangeHRMtest-2] ERROR BaseClass - This is the error message
2025-11-16 18:16:59 [TestNG-test-OrangeHRMtest-2] FATAL BaseClass - This is the fatal message
2025-11-16 18:17:01 [TestNG-test-OrangeHRMtest-3] ERROR BaseClass - This is the error message
2025-11-16 18:17:01 [TestNG-test-OrangeHRMtest-3] FATAL BaseClass - This is the fatal message
2025-11-16 18:17:06 [TestNG-test-OrangeHRMtest-3] ERROR BaseClass - This is the error message
2025-11-16 18:17:06 [TestNG-test-OrangeHRMtest-3] FATAL BaseClass - This is the fatal message
2025-11-26 23:32:04 [TestNG-test-OrangeHRMtest-4] ERROR BaseClass - This is the error message
2025-11-26 23:32:04 [TestNG-test-OrangeHRMtest-4] FATAL BaseClass - This is the fatal message
2025-11-26 23:32:04 [TestNG-test-OrangeHRMtest-1] ERROR BaseClass - This is the error message
2025-11-26 23:32:04 [TestNG-test-OrangeHRMtest-1] FATAL BaseClass - This is the fatal message
2025-11-26 23:32:04 [TestNG-test-OrangeHRMtest-3] ERROR BaseClass - This is the error message
2025-11-26 23:32:04 [TestNG-test-OrangeHRMtest-3] FATAL BaseClass - This is the fatal message
2025-11-26 23:32:05 [TestNG-test-OrangeHRMtest-2] ERROR BaseClass - This is the error message
2025-11-26 23:32:05 [TestNG-test-OrangeHRMtest-2] FATAL BaseClass - This is the fatal message
2025-11-26 23:32:11 [TestNG-test-OrangeHRMtest-3] ERROR BaseClass - This is the error message
2025-11-26 23:32:11 [TestNG-test-OrangeHRMtest-3] FATAL BaseClass - This is the fatal message
2025-11-27 00:29:37 [TestNG-test-OrangeHRMtest-2] ERROR BaseClass - This is the error message
2025-11-27 00:29:37 [TestNG-test-OrangeHRMtest-3] ERROR BaseClass - This is the error message
2025-11-27 00:29:37 [TestNG-test-OrangeHRMtest-2] FATAL BaseClass - This is the fatal message
2025-11-27 00:29:37 [TestNG-test-OrangeHRMtest-3] FATAL BaseClass - This is the fatal message
2025-11-27 00:29:38 [TestNG-test-OrangeHRMtest-4] ERROR BaseClass - This is the error message
2025-11-27 00:29:38 [TestNG-test-OrangeHRMtest-4] FATAL BaseClass - This is the fatal message
2025-11-27 00:29:38 [TestNG-test-OrangeHRMtest-1] ERROR BaseClass - This is the error message
2025-11-27 00:29:38 [TestNG-test-OrangeHRMtest-1] FATAL BaseClass - This is the fatal message
2025-11-27 00:29:45 [TestNG-test-OrangeHRMtest-3] ERROR BaseClass - This is the error message
2025-11-27 00:29:45 [TestNG-test-OrangeHRMtest-3] FATAL BaseClass - This is the fatal message
2025-11-27 00:34:19 [TestNG-test-OrangeHRMtest-3] ERROR BaseClass - This is the error message
2025-11-27 00:34:19 [TestNG-test-OrangeHRMtest-3] FATAL BaseClass - This is the fatal message
2025-11-27 00:34:19 [TestNG-test-OrangeHRMtest-4] ERROR BaseClass - This is the error message
2025-11-27 00:34:19 [TestNG-test-OrangeHRMtest-4] FATAL BaseClass - This is the fatal message
2025-11-27 00:34:19 [TestNG-test-OrangeHRMtest-2] ERROR BaseClass - This is the error message
2025-11-27 00:34:19 [TestNG-test-OrangeHRMtest-2] FATAL BaseClass - This is the fatal message
2025-11-27 00:34:19 [TestNG-test-OrangeHRMtest-1] ERROR BaseClass - This is the error message
2025-11-27 00:34:19 [TestNG-test-OrangeHRMtest-1] FATAL BaseClass - This is the fatal message
2025-11-27 00:34:22 [TestNG-test-OrangeHRMtest-3] ERROR BaseClass - This is the error message
2025-11-27 00:34:22 [TestNG-test-OrangeHRMtest-3] FATAL BaseClass - This is the fatal message
2025-12-02 23:01:08 [main] ERROR BaseClass - This is the error message
2025-12-02 23:01:08 [main] FATAL BaseClass - This is the fatal message
2025-12-02 23:15:00 [main] ERROR BaseClass - This is the error message
2025-12-02 23:15:00 [main] FATAL BaseClass - This is the fatal message
2025-12-02 23:17:07 [TestNG-test-OrangeHRMtest-3] ERROR BaseClass - This is the error message
2025-12-02 23:17:07 [TestNG-test-OrangeHRMtest-3] FATAL BaseClass - This is the fatal message
2025-12-02 23:17:08 [TestNG-test-OrangeHRMtest-2] ERROR BaseClass - This is the error message
2025-12-02 23:17:08 [TestNG-test-OrangeHRMtest-2] FATAL BaseClass - This is the fatal message
2025-12-02 23:17:09 [TestNG-test-OrangeHRMtest-4] ERROR BaseClass - This is the error message
2025-12-02 23:17:09 [TestNG-test-OrangeHRMtest-4] FATAL BaseClass - This is the fatal message
2025-12-02 23:17:09 [TestNG-test-OrangeHRMtest-1] ERROR BaseClass - This is the error message
2025-12-02 23:17:09 [TestNG-test-OrangeHRMtest-1] FATAL BaseClass - This is the fatal message
2025-12-02 23:17:13 [TestNG-test-OrangeHRMtest-3] ERROR BaseClass - This is the error message
2025-12-02 23:17:13 [TestNG-test-OrangeHRMtest-3] FATAL BaseClass - This is the fatal message
2025-12-02 23:59:06 [TestNG-test-OrangeHRMtest-4] ERROR BaseClass - This is the error message
2025-12-02 23:59:06 [TestNG-test-OrangeHRMtest-4] FATAL BaseClass - This is the fatal message
2025-12-02 23:59:06 [TestNG-test-OrangeHRMtest-1] ERROR BaseClass - This is the error message
2025-12-02 23:59:06 [TestNG-test-OrangeHRMtest-1] FATAL BaseClass - This is the fatal message
2025-12-02 23:59:08 [TestNG-test-OrangeHRMtest-3] ERROR BaseClass - This is the error message
2025-12-02 23:59:08 [TestNG-test-OrangeHRMtest-3] FATAL BaseClass - This is the fatal message
2025-12-02 23:59:08 [TestNG-test-OrangeHRMtest-2] ERROR BaseClass - This is the error message
2025-12-02 23:59:08 [TestNG-test-OrangeHRMtest-2] FATAL BaseClass - This is the fatal message
2025-12-02 23:59:13 [TestNG-test-OrangeHRMtest-3] ERROR BaseClass - This is the error message
2025-12-02 23:59:13 [TestNG-test-OrangeHRMtest-3] FATAL BaseClass - This is the fatal message
2025-12-03 00:08:22 [TestNG-test-OrangeHRMtest-4] ERROR BaseClass - This is the error message
2025-12-03 00:08:22 [TestNG-test-OrangeHRMtest-4] FATAL BaseClass - This is the fatal message
2025-12-03 00:08:23 [TestNG-test-OrangeHRMtest-3] ERROR BaseClass - This is the error message
2025-12-03 00:08:23 [TestNG-test-OrangeHRMtest-3] FATAL BaseClass - This is the fatal message
2025-12-03 00:08:24 [TestNG-test-OrangeHRMtest-1] ERROR BaseClass - This is the error message
2025-12-03 00:08:24 [TestNG-test-OrangeHRMtest-1] FATAL BaseClass - This is the fatal message
2025-12-03 00:08:24 [TestNG-test-OrangeHRMtest-2] ERROR BaseClass - This is the error message
2025-12-03 00:08:24 [TestNG-test-OrangeHRMtest-2] FATAL BaseClass - This is the fatal message
2025-12-03 00:08:28 [TestNG-test-OrangeHRMtest-3] ERROR BaseClass - This is the error message
2025-12-03 00:08:28 [TestNG-test-OrangeHRMtest-3] FATAL BaseClass - This is the fatal message
2025-12-03 00:13:23 [TestNG-test-OrangeHRMtest-1] ERROR BaseClass - This is the error message
2025-12-03 00:13:23 [TestNG-test-OrangeHRMtest-1] FATAL BaseClass - This is the fatal message
2025-12-03 00:13:23 [TestNG-test-OrangeHRMtest-4] ERROR BaseClass - This is the error message
2025-12-03 00:13:23 [TestNG-test-OrangeHRMtest-4] FATAL BaseClass - This is the fatal message
2025-12-03 00:13:23 [TestNG-test-OrangeHRMtest-3] ERROR BaseClass - This is the error message
2025-12-03 00:13:23 [TestNG-test-OrangeHRMtest-3] FATAL BaseClass - This is the fatal message
2025-12-03 00:13:25 [TestNG-test-OrangeHRMtest-2] ERROR BaseClass - This is the error message
2025-12-03 00:13:25 [TestNG-test-OrangeHRMtest-2] FATAL BaseClass - This is the fatal message
2025-12-03 00:13:32 [TestNG-test-OrangeHRMtest-3] ERROR BaseClass - This is the error message
2025-12-03 00:13:32 [TestNG-test-OrangeHRMtest-3] FATAL BaseClass - This is the fatal message
2025-12-03 00:25:22 [TestNG-test-OrangeHRMtest-3] ERROR BaseClass - This is the error message
2025-12-03 00:25:22 [TestNG-test-OrangeHRMtest-3] FATAL BaseClass - This is the fatal message
2025-12-03 00:25:22 [TestNG-test-OrangeHRMtest-2] ERROR BaseClass - This is the error message
2025-12-03 00:25:22 [TestNG-test-OrangeHRMtest-2] FATAL BaseClass - This is the fatal message
2025-12-03 00:25:23 [TestNG-test-OrangeHRMtest-4] ERROR BaseClass - This is the error message
2025-12-03 00:25:23 [TestNG-test-OrangeHRMtest-4] FATAL BaseClass - This is the fatal message
2025-12-03 00:25:24 [TestNG-test-OrangeHRMtest-1] ERROR BaseClass - This is the error message
2025-12-03 00:25:24 [TestNG-test-OrangeHRMtest-1] FATAL BaseClass - This is the fatal message
2025-12-03 00:25:30 [TestNG-test-OrangeHRMtest-3] ERROR BaseClass - This is the error message
2025-12-03 00:25:30 [TestNG-test-OrangeHRMtest-3] FATAL BaseClass - This is the fatal message
2025-12-03 00:28:41 [TestNG-test-OrangeHRMtest-2] ERROR BaseClass - This is the error message
2025-12-03 00:28:41 [TestNG-test-OrangeHRMtest-2] FATAL BaseClass - This is the fatal message
2025-12-03 00:28:41 [TestNG-test-OrangeHRMtest-4] ERROR BaseClass - This is the error message
2025-12-03 00:28:41 [TestNG-test-OrangeHRMtest-4] FATAL BaseClass - This is the fatal message
2025-12-03 00:28:41 [TestNG-test-OrangeHRMtest-1] ERROR BaseClass - This is the error message
2025-12-03 00:28:41 [TestNG-test-OrangeHRMtest-1] FATAL BaseClass - This is the fatal message
2025-12-03 00:28:41 [TestNG-test-OrangeHRMtest-3] ERROR BaseClass - This is the error message
2025-12-03 00:28:41 [TestNG-test-OrangeHRMtest-3] FATAL BaseClass - This is the fatal message
2025-12-03 00:28:48 [TestNG-test-OrangeHRMtest-3] ERROR BaseClass - This is the error message
2025-12-03 00:28:48 [TestNG-test-OrangeHRMtest-3] FATAL BaseClass - This is the fatal message
2025-12-03 00:29:47 [TestNG-test-OrangeHRMtest-3] ERROR BaseClass - This is the error message
2025-12-03 00:29:47 [TestNG-test-OrangeHRMtest-3] FATAL BaseClass - This is the fatal message
2025-12-03 00:29:47 [TestNG-test-OrangeHRMtest-2] ERROR BaseClass - This is the error message
2025-12-03 00:29:47 [TestNG-test-OrangeHRMtest-2] FATAL BaseClass - This is the fatal message
2025-12-03 00:29:49 [TestNG-test-OrangeHRMtest-4] ERROR BaseClass - This is the error message
2025-12-03 00:29:49 [TestNG-test-OrangeHRMtest-4] FATAL BaseClass - This is the fatal message
2025-12-03 00:29:49 [TestNG-test-OrangeHRMtest-1] ERROR BaseClass - This is the error message
2025-12-03 00:29:49 [TestNG-test-OrangeHRMtest-1] FATAL BaseClass - This is the fatal message
2025-12-03 00:29:56 [TestNG-test-OrangeHRMtest-3] ERROR BaseClass - This is the error message
2025-12-03 00:29:56 [TestNG-test-OrangeHRMtest-3] FATAL BaseClass - This is the fatal message
2025-12-03 00:43:41 [TestNG-test-OrangeHRMtest-4] ERROR BaseClass - This is the error message
2025-12-03 00:43:41 [TestNG-test-OrangeHRMtest-4] FATAL BaseClass - This is the fatal message
2025-12-03 00:43:41 [TestNG-test-OrangeHRMtest-2] ERROR BaseClass - This is the error message
2025-12-03 00:43:41 [TestNG-test-OrangeHRMtest-2] FATAL BaseClass - This is the fatal message
2025-12-03 00:43:41 [TestNG-test-OrangeHRMtest-1] ERROR BaseClass - This is the error message
2025-12-03 00:43:41 [TestNG-test-OrangeHRMtest-1] FATAL BaseClass - This is the fatal message
2025-12-03 00:43:41 [TestNG-test-OrangeHRMtest-3] ERROR BaseClass - This is the error message
2025-12-03 00:43:41 [TestNG-test-OrangeHRMtest-3] FATAL BaseClass - This is the fatal message
2025-12-03 00:43:46 [TestNG-test-OrangeHRMtest-3] ERROR BaseClass - This is the error message
2025-12-03 00:43:46 [TestNG-test-OrangeHRMtest-3] FATAL BaseClass - This is the fatal message
2025-12-03 03:00:48 [TestNG-test-OrangeHRMtest-4] ERROR BaseClass - This is the error message
2025-12-03 03:00:48 [TestNG-test-OrangeHRMtest-4] FATAL BaseClass - This is the fatal message
2025-12-03 03:00:50 [TestNG-test-OrangeHRMtest-2] ERROR BaseClass - This is the error message
2025-12-03 03:00:50 [TestNG-test-OrangeHRMtest-1] ERROR BaseClass - This is the error message
2025-12-03 03:00:50 [TestNG-test-OrangeHRMtest-2] FATAL BaseClass - This is the fatal message
2025-12-03 03:00:50 [TestNG-test-OrangeHRMtest-1] FATAL BaseClass - This is the fatal message
2025-12-04 00:06:26 [main] ERROR BaseClass - This is the error message
2025-12-04 00:06:26 [main] FATAL BaseClass - This is the fatal message
2025-12-04 00:07:55 [TestNG-test-OrangeHRMtest-2] ERROR BaseClass - This is the error message
2025-12-04 00:07:55 [TestNG-test-OrangeHRMtest-2] FATAL BaseClass - This is the fatal message
2025-12-04 00:07:57 [TestNG-test-OrangeHRMtest-1] ERROR BaseClass - This is the error message
2025-12-04 00:07:57 [TestNG-test-OrangeHRMtest-1] FATAL BaseClass - This is the fatal message
2025-12-04 00:07:57 [TestNG-test-OrangeHRMtest-4] ERROR BaseClass - This is the error message
2025-12-04 00:07:57 [TestNG-test-OrangeHRMtest-4] FATAL BaseClass - This is the fatal message
2025-12-04 00:07:57 [TestNG-test-OrangeHRMtest-3] ERROR BaseClass - This is the error message
2025-12-04 00:07:57 [TestNG-test-OrangeHRMtest-3] FATAL BaseClass - This is the fatal message
2025-12-04 00:08:04 [TestNG-test-OrangeHRMtest-3] ERROR BaseClass - This is the error message
2025-12-04 00:08:04 [TestNG-test-OrangeHRMtest-3] FATAL BaseClass - This is the fatal message
2025-12-04 00:14:40 [TestNG-test-OrangeHRMtest-2] ERROR BaseClass - This is the error message
2025-12-04 00:14:40 [TestNG-test-OrangeHRMtest-4] ERROR BaseClass - This is the error message
2025-12-04 00:14:40 [TestNG-test-OrangeHRMtest-4] FATAL BaseClass - This is the fatal message
2025-12-04 00:14:40 [TestNG-test-OrangeHRMtest-2] FATAL BaseClass - This is the fatal message
2025-12-04 00:14:47 [TestNG-test-OrangeHRMtest-3] ERROR BaseClass - This is the error message
2025-12-04 00:14:47 [TestNG-test-OrangeHRMtest-3] FATAL BaseClass - This is the fatal message
2025-12-04 00:14:50 [TestNG-test-OrangeHRMtest-4] ERROR BaseClass - This is the error message
2025-12-04 00:14:50 [TestNG-test-OrangeHRMtest-4] FATAL BaseClass - This is the fatal message
2025-12-04 00:14:53 [TestNG-test-OrangeHRMtest-1] ERROR BaseClass - This is the error message
2025-12-04 00:14:53 [TestNG-test-OrangeHRMtest-1] FATAL BaseClass - This is the fatal message
2025-12-04 00:14:53 [TestNG-test-OrangeHRMtest-3] ERROR BaseClass - This is the error message
2025-12-04 00:14:53 [TestNG-test-OrangeHRMtest-3] FATAL BaseClass - This is the fatal message
2025-12-04 00:14:58 [TestNG-test-OrangeHRMtest-3] ERROR BaseClass - This is the error message
2025-12-04 00:14:58 [TestNG-test-OrangeHRMtest-3] FATAL BaseClass - This is the fatal message
2025-12-04 00:15:08 [TestNG-test-OrangeHRMtest-3] ERROR BaseClass - This is the error message
2025-12-04 00:15:08 [TestNG-test-OrangeHRMtest-3] FATAL BaseClass - This is the fatal message
2025-12-04 02:07:13 [TestNG-test-OrangeHRMtest-2] ERROR BaseClass - This is the error message
2025-12-04 02:07:13 [TestNG-test-OrangeHRMtest-2] FATAL BaseClass - This is the fatal message
2025-12-04 02:07:14 [TestNG-test-OrangeHRMtest-3] ERROR BaseClass - This is the error message
2025-12-04 02:07:14 [TestNG-test-OrangeHRMtest-1] ERROR BaseClass - This is the error message
2025-12-04 02:07:14 [TestNG-test-OrangeHRMtest-3] FATAL BaseClass - This is the fatal message
2025-12-04 02:07:14 [TestNG-test-OrangeHRMtest-1] FATAL BaseClass - This is the fatal message
2025-12-04 02:07:14 [TestNG-test-OrangeHRMtest-4] ERROR BaseClass - This is the error message
2025-12-04 02:07:14 [TestNG-test-OrangeHRMtest-4] FATAL BaseClass - This is the fatal message
2025-12-04 02:07:16 [TestNG-test-OrangeHRMtest-3] ERROR BaseClass - This is the error message
2025-12-04 02:07:16 [TestNG-test-OrangeHRMtest-3] FATAL BaseClass - This is the fatal message
2025-12-04 02:07:17 [TestNG-test-OrangeHRMtest-4] ERROR BaseClass - This is the error message
2025-12-04 02:07:17 [TestNG-test-OrangeHRMtest-4] FATAL BaseClass - This is the fatal message
2025-12-04 02:07:19 [TestNG-test-OrangeHRMtest-3] ERROR BaseClass - This is the error message
2025-12-04 02:07:19 [TestNG-test-OrangeHRMtest-3] FATAL BaseClass - This is the fatal message
2025-12-04 02:07:22 [TestNG-test-OrangeHRMtest-3] ERROR BaseClass - This is the error message
2025-12-04 02:07:22 [TestNG-test-OrangeHRMtest-3] FATAL BaseClass - This is the fatal message
2025-12-05 01:16:31 [TestNG-test-OrangeHRMtest-1] ERROR BaseClass - This is the error message
2025-12-05 01:16:31 [TestNG-test-OrangeHRMtest-1] FATAL BaseClass - This is the fatal message
2025-12-05 01:19:07 [main] ERROR BaseClass - This is the error message
2025-12-05 01:19:07 [main] FATAL BaseClass - This is the fatal message
2025-12-05 01:28:45 [main] ERROR BaseClass - This is the error message
2025-12-05 01:28:45 [main] FATAL BaseClass - This is the fatal message
2025-12-05 01:38:37 [TestNG-test-OrangeHRMtest-1] ERROR BaseClass - This is the error message
2025-12-05 01:38:37 [TestNG-test-OrangeHRMtest-1] FATAL BaseClass - This is the fatal message
2025-12-05 01:40:26 [TestNG-test-OrangeHRMtest-1] ERROR BaseClass - This is the error message
2025-12-05 01:40:26 [TestNG-test-OrangeHRMtest-1] FATAL BaseClass - This is the fatal message
2025-12-05 01:40:30 [TestNG-test-OrangeHRMtest-1] ERROR BaseClass - This is the error message
2025-12-05 01:40:30 [TestNG-test-OrangeHRMtest-1] FATAL BaseClass - This is the fatal message
2025-12-05 01:43:12 [main] ERROR BaseClass - This is the error message
2025-12-05 01:43:12 [main] FATAL BaseClass - This is the fatal message
2025-12-05 01:45:03 [main] ERROR BaseClass - This is the error message
2025-12-05 01:45:03 [main] FATAL BaseClass - This is the fatal message
2025-12-05 01:47:43 [main] ERROR BaseClass - This is the error message
2025-12-05 01:47:43 [main] FATAL BaseClass - This is the fatal message
2025-12-05 01:49:33 [main] ERROR BaseClass - This is the error message
2025-12-05 01:49:33 [main] FATAL BaseClass - This is the fatal message
2025-12-05 01:51:38 [TestNG-test-OrangeHRMtest-1] ERROR BaseClass - This is the error message
2025-12-05 01:51:38 [TestNG-test-OrangeHRMtest-1] FATAL BaseClass - This is the fatal message
2025-12-05 01:53:04 [TestNG-test-OrangeHRMtest-1] ERROR BaseClass - This is the error message
2025-12-05 01:53:04 [TestNG-test-OrangeHRMtest-1] FATAL BaseClass - This is the fatal message
2025-12-05 02:13:59 [main] ERROR BaseClass - This is the error message
2025-12-05 02:13:59 [main] FATAL BaseClass - This is the fatal message
2025-12-18 23:19:17 [TestNG-test-OrangeHRMtest-1] ERROR BaseClass - This is the error message
2025-12-18 23:19:17 [TestNG-test-OrangeHRMtest-1] FATAL BaseClass - This is the fatal message
2025-12-18 23:19:22 [TestNG-test-OrangeHRMtest-1] ERROR BaseClass - This is the error message
2025-12-18 23:19:22 [TestNG-test-OrangeHRMtest-1] FATAL BaseClass - This is the fatal message
2025-12-18 23:27:17 [TestNG-test-OrangeHRMtest-1] ERROR BaseClass - This is the error message
2025-12-18 23:27:17 [TestNG-test-OrangeHRMtest-1] FATAL BaseClass - This is the fatal message
2025-12-18 23:27:21 [TestNG-test-OrangeHRMtest-1] ERROR BaseClass - This is the error message
2025-12-18 23:27:21 [TestNG-test-OrangeHRMtest-1] FATAL BaseClass - This is the fatal message
2025-12-18 23:28:05 [TestNG-test-OrangeHRMtest-1] ERROR BaseClass - This is the error message
2025-12-18 23:28:05 [TestNG-test-OrangeHRMtest-1] FATAL BaseClass - This is the fatal message
2025-12-18 23:28:09 [TestNG-test-OrangeHRMtest-1] ERROR BaseClass - This is the error message
2025-12-18 23:28:09 [TestNG-test-OrangeHRMtest-1] FATAL BaseClass - This is the fatal message
2025-12-19 00:35:57 [TestNG-test-OrangeHRMtest-1] ERROR BaseClass - This is the error message
2025-12-19 00:35:57 [TestNG-test-OrangeHRMtest-1] FATAL BaseClass - This is the fatal message
2025-12-19 00:36:01 [TestNG-test-OrangeHRMtest-1] ERROR BaseClass - This is the error message
2025-12-19 00:36:01 [TestNG-test-OrangeHRMtest-1] FATAL BaseClass - This is the fatal message
2025-12-20 16:16:24 [TestNG-test-OrangeHRMtest-1] ERROR BaseClass - This is the error message
2025-12-20 16:16:24 [TestNG-test-OrangeHRMtest-1] FATAL BaseClass - This is the fatal message
2025-12-20 16:18:36 [TestNG-test-OrangeHRMtest-1] ERROR BaseClass - This is the error message
2025-12-20 16:18:36 [TestNG-test-OrangeHRMtest-1] FATAL BaseClass - This is the fatal message
2025-12-20 16:18:40 [TestNG-test-OrangeHRMtest-1] ERROR BaseClass - This is the error message
2025-12-20 16:18:40 [TestNG-test-OrangeHRMtest-1] FATAL BaseClass - This is the fatal message
2025-12-20 16:19:32 [main] ERROR BaseClass - This is the error message
2025-12-20 16:19:32 [main] FATAL BaseClass - This is the fatal message
2025-12-20 16:19:35 [main] ERROR BaseClass - This is the error message
2025-12-20 16:19:35 [main] FATAL BaseClass - This is the fatal message
2025-12-20 16:38:54 [TestNG-test-OrangeHRMtest-1] ERROR BaseClass - This is the error message
2025-12-20 16:38:54 [TestNG-test-OrangeHRMtest-1] FATAL BaseClass - This is the fatal message
2025-12-20 16:38:58 [TestNG-test-OrangeHRMtest-1] ERROR BaseClass - This is the error message
2025-12-20 16:38:58 [TestNG-test-OrangeHRMtest-1] FATAL BaseClass - This is the fatal message
2025-12-23 23:44:12 [TestNG-test-OrangeHRMtest-2] ERROR BaseClass - This is the error message
2025-12-23 23:44:12 [TestNG-test-OrangeHRMtest-2] FATAL BaseClass - This is the fatal message
2025-12-23 23:44:12 [TestNG-test-OrangeHRMtest-5] ERROR BaseClass - This is the error message
2025-12-23 23:44:12 [TestNG-test-OrangeHRMtest-5] FATAL BaseClass - This is the fatal message
2025-12-23 23:44:13 [TestNG-test-OrangeHRMtest-1] ERROR BaseClass - This is the error message
2025-12-23 23:44:13 [TestNG-test-OrangeHRMtest-1] FATAL BaseClass - This is the fatal message
2025-12-23 23:44:14 [TestNG-test-OrangeHRMtest-4] ERROR BaseClass - This is the error message
2025-12-23 23:44:14 [TestNG-test-OrangeHRMtest-4] FATAL BaseClass - This is the fatal message
2025-12-23 23:44:14 [TestNG-test-OrangeHRMtest-3] ERROR BaseClass - This is the error message
2025-12-23 23:44:14 [TestNG-test-OrangeHRMtest-3] FATAL BaseClass - This is the fatal message
2025-12-23 23:44:16 [TestNG-test-OrangeHRMtest-2] ERROR BaseClass - This is the error message
2025-12-23 23:44:16 [TestNG-test-OrangeHRMtest-2] FATAL BaseClass - This is the fatal message
2025-12-23 23:44:18 [TestNG-test-OrangeHRMtest-5] ERROR BaseClass - This is the error message
2025-12-23 23:44:18 [TestNG-test-OrangeHRMtest-5] FATAL BaseClass - This is the fatal message
2025-12-23 23:44:21 [TestNG-test-OrangeHRMtest-2] ERROR BaseClass - This is the error message
2025-12-23 23:44:21 [TestNG-test-OrangeHRMtest-2] FATAL BaseClass - This is the fatal message
2025-12-23 23:44:23 [TestNG-test-OrangeHRMtest-1] ERROR BaseClass - This is the error message
2025-12-23 23:44:23 [TestNG-test-OrangeHRMtest-1] FATAL BaseClass - This is the fatal message
2025-12-23 23:44:26 [TestNG-test-OrangeHRMtest-2] ERROR BaseClass - This is the error message
2025-12-23 23:44:26 [TestNG-test-OrangeHRMtest-2] FATAL BaseClass - This is the fatal message
2025-12-23 23:44:29 [TestNG-test-OrangeHRMtest-1] ERROR BaseClass - This is the error message
2025-12-23 23:44:29 [TestNG-test-OrangeHRMtest-1] FATAL BaseClass - This is the fatal message
2025-12-23 23:44:35 [TestNG-test-OrangeHRMtest-1] ERROR BaseClass - This is the error message
2025-12-23 23:44:35 [TestNG-test-OrangeHRMtest-1] FATAL BaseClass - This is the fatal message
2025-12-23 23:44:40 [TestNG-test-OrangeHRMtest-1] ERROR BaseClass - This is the error message
2025-12-23 23:44:40 [TestNG-test-OrangeHRMtest-1] FATAL BaseClass - This is the fatal message
2025-12-23 23:44:45 [TestNG-test-OrangeHRMtest-1] ERROR BaseClass - This is the error message
2025-12-23 23:44:45 [TestNG-test-OrangeHRMtest-1] FATAL BaseClass - This is the fatal message
2025-12-23 23:46:11 [main] ERROR BaseClass - This is the error message
2025-12-23 23:46:11 [main] FATAL BaseClass - This is the fatal message
2025-12-23 23:46:16 [main] ERROR BaseClass - This is the error message
2025-12-23 23:46:16 [main] FATAL BaseClass - This is the fatal message
2025-12-23 23:48:06 [main] ERROR BaseClass - This is the error message
2025-12-23 23:48:06 [main] FATAL BaseClass - This is the fatal message
2025-12-23 23:48:11 [main] ERROR BaseClass - This is the error message
2025-12-23 23:48:11 [main] FATAL BaseClass - This is the fatal message
2025-12-23 23:50:49 [main] ERROR BaseClass - This is the error message
2025-12-23 23:50:49 [main] FATAL BaseClass - This is the fatal message
2025-12-23 23:50:52 [main] ERROR DBConnection - Employee not found
2025-12-23 23:50:54 [main] ERROR BaseClass - This is the error message
2025-12-23 23:50:54 [main] FATAL BaseClass - This is the fatal message
2025-12-23 23:50:57 [main] ERROR DBConnection - Employee not found
2025-12-24 00:00:47 [main] ERROR BaseClass - This is the error message
2025-12-24 00:00:47 [main] FATAL BaseClass - This is the fatal message
2025-12-24 00:00:52 [main] ERROR BaseClass - This is the error message
2025-12-24 00:00:52 [main] FATAL BaseClass - This is the fatal message
2025-12-24 00:29:50 [main] ERROR BaseClass - This is the error message
2025-12-24 00:29:50 [main] FATAL BaseClass - This is the fatal message
2025-12-24 00:30:45 [main] ERROR BaseClass - This is the error message
2025-12-24 00:30:45 [main] FATAL BaseClass - This is the fatal message
2025-12-24 00:35:55 [main] ERROR BaseClass - This is the error message
2025-12-24 00:35:55 [main] FATAL BaseClass - This is the fatal message
2025-12-24 00:36:50 [main] ERROR BaseClass - This is the error message
2025-12-24 00:36:50 [main] FATAL BaseClass - This is the fatal message
2025-12-24 00:44:08 [main] ERROR BaseClass - This is the error message
2025-12-24 00:44:08 [main] FATAL BaseClass - This is the fatal message
2025-12-24 00:44:24 [main] ERROR BaseClass - This is the error message
2025-12-24 00:44:24 [main] FATAL BaseClass - This is the fatal message
2025-12-24 00:46:28 [TestNG-test-OrangeHRMtest-5] ERROR BaseClass - This is the error message
2025-12-24 00:46:28 [TestNG-test-OrangeHRMtest-5] FATAL BaseClass - This is the fatal message
2025-12-24 00:46:28 [TestNG-test-OrangeHRMtest-4] ERROR BaseClass - This is the error message
2025-12-24 00:46:28 [TestNG-test-OrangeHRMtest-4] FATAL BaseClass - This is the fatal message
2025-12-24 00:46:28 [TestNG-test-OrangeHRMtest-1] ERROR BaseClass - This is the error message
2025-12-24 00:46:28 [TestNG-test-OrangeHRMtest-1] FATAL BaseClass - This is the fatal message
2025-12-24 00:46:28 [TestNG-test-OrangeHRMtest-3] ERROR BaseClass - This is the error message
2025-12-24 00:46:28 [TestNG-test-OrangeHRMtest-3] FATAL BaseClass - This is the fatal message
2025-12-24 00:46:30 [TestNG-test-OrangeHRMtest-2] ERROR BaseClass - This is the error message
2025-12-24 00:46:30 [TestNG-test-OrangeHRMtest-2] FATAL BaseClass - This is the fatal message
2025-12-24 00:46:33 [TestNG-test-OrangeHRMtest-5] ERROR BaseClass - This is the error message
2025-12-24 00:46:33 [TestNG-test-OrangeHRMtest-5] FATAL BaseClass - This is the fatal message
2025-12-24 00:46:35 [TestNG-test-OrangeHRMtest-2] ERROR BaseClass - This is the error message
2025-12-24 00:46:35 [TestNG-test-OrangeHRMtest-2] FATAL BaseClass - This is the fatal message
2025-12-24 00:46:38 [TestNG-test-OrangeHRMtest-2] ERROR BaseClass - This is the error message
2025-12-24 00:46:38 [TestNG-test-OrangeHRMtest-2] FATAL BaseClass - This is the fatal message
2025-12-24 00:46:42 [TestNG-test-OrangeHRMtest-2] ERROR BaseClass - This is the error message
2025-12-24 00:46:42 [TestNG-test-OrangeHRMtest-2] FATAL BaseClass - This is the fatal message
2025-12-24 00:46:47 [TestNG-test-OrangeHRMtest-1] ERROR BaseClass - This is the error message
2025-12-24 00:46:47 [TestNG-test-OrangeHRMtest-1] FATAL BaseClass - This is the fatal message
2025-12-24 10:02:44 [main] ERROR BaseClass - This is the error message
2025-12-24 10:02:44 [main] FATAL BaseClass - This is the fatal message
2025-12-24 10:02:49 [main] ERROR BaseClass - This is the error message
2025-12-24 10:02:49 [main] FATAL BaseClass - This is the fatal message
2025-12-24 10:04:16 [main] ERROR BaseClass - This is the error message
2025-12-24 10:04:16 [main] FATAL BaseClass - This is the fatal message
2025-12-24 10:04:21 [main] ERROR BaseClass - This is the error message
2025-12-24 10:04:21 [main] FATAL BaseClass - This is the fatal message
2025-12-24 11:23:06 [main] ERROR BaseClass - This is the error message
2025-12-24 11:23:06 [main] FATAL BaseClass - This is the fatal message
2025-12-24 11:23:11 [main] ERROR BaseClass - This is the error message
2025-12-24 11:23:11 [main] FATAL BaseClass - This is the fatal message
2025-12-24 11:27:32 [main] ERROR BaseClass - This is the error message
2025-12-24 11:27:32 [main] FATAL BaseClass - This is the fatal message
2025-12-24 11:32:53 [main] ERROR BaseClass - This is the error message
2025-12-24 11:32:53 [main] FATAL BaseClass - This is the fatal message
2025-12-24 11:32:58 [main] ERROR BaseClass - This is the error message
2025-12-24 11:32:58 [main] FATAL BaseClass - This is the fatal message
2025-12-24 11:34:46 [main] ERROR BaseClass - This is the error message
2025-12-24 11:34:46 [main] FATAL BaseClass - This is the fatal message
2025-12-24 11:40:47 [main] ERROR BaseClass - This is the error message
2025-12-24 11:40:47 [main] FATAL BaseClass - This is the fatal message
2025-12-24 11:40:52 [main] ERROR BaseClass - This is the error message
2025-12-24 11:40:52 [main] FATAL BaseClass - This is the fatal message
2025-12-24 11:48:58 [TestNG-test-OrangeHRMtest-3] ERROR BaseClass - This is the error message
2025-12-24 11:48:58 [TestNG-test-OrangeHRMtest-5] ERROR BaseClass - This is the error message
2025-12-24 11:48:58 [TestNG-test-OrangeHRMtest-5] FATAL BaseClass - This is the fatal message
2025-12-24 11:48:58 [TestNG-test-OrangeHRMtest-3] FATAL BaseClass - This is the fatal message
2025-12-24 11:48:59 [TestNG-test-OrangeHRMtest-4] ERROR BaseClass - This is the error message
2025-12-24 11:48:59 [TestNG-test-OrangeHRMtest-4] FATAL BaseClass - This is the fatal message
2025-12-24 11:48:59 [TestNG-test-OrangeHRMtest-1] ERROR BaseClass - This is the error message
2025-12-24 11:48:59 [TestNG-test-OrangeHRMtest-1] FATAL BaseClass - This is the fatal message
2025-12-24 11:49:02 [TestNG-test-OrangeHRMtest-2] ERROR BaseClass - This is the error message
2025-12-24 11:49:02 [TestNG-test-OrangeHRMtest-2] FATAL BaseClass - This is the fatal message
2025-12-24 11:49:06 [TestNG-test-OrangeHRMtest-5] ERROR BaseClass - This is the error message
2025-12-24 11:49:06 [TestNG-test-OrangeHRMtest-5] FATAL BaseClass - This is the fatal message
2025-12-24 11:49:08 [TestNG-test-OrangeHRMtest-2] ERROR BaseClass - This is the error message
2025-12-24 11:49:08 [TestNG-test-OrangeHRMtest-2] FATAL BaseClass - This is the fatal message
2025-12-24 11:49:11 [TestNG-test-OrangeHRMtest-1] ERROR BaseClass - This is the error message
2025-12-24 11:49:11 [TestNG-test-OrangeHRMtest-1] FATAL BaseClass - This is the fatal message
2025-12-24 11:49:12 [TestNG-test-OrangeHRMtest-2] ERROR BaseClass - This is the error message
2025-12-24 11:49:12 [TestNG-test-OrangeHRMtest-2] FATAL BaseClass - This is the fatal message
2025-12-24 11:49:17 [TestNG-test-OrangeHRMtest-2] ERROR BaseClass - This is the error message
2025-12-24 11:49:17 [TestNG-test-OrangeHRMtest-2] FATAL BaseClass - This is the fatal message
2025-12-24 11:54:27 [TestNG-test-OrangeHRMtest-3] ERROR BaseClass - This is the error message
2025-12-24 11:54:27 [TestNG-test-OrangeHRMtest-3] FATAL BaseClass - This is the fatal message
2025-12-24 11:54:27 [TestNG-test-OrangeHRMtest-5] ERROR BaseClass - This is the error message
2025-12-24 11:54:27 [TestNG-test-OrangeHRMtest-5] FATAL BaseClass - This is the fatal message
2025-12-24 11:54:27 [TestNG-test-OrangeHRMtest-1] ERROR BaseClass - This is the error message
2025-12-24 11:54:27 [TestNG-test-OrangeHRMtest-1] FATAL BaseClass - This is the fatal message
2025-12-24 11:54:27 [TestNG-test-OrangeHRMtest-4] ERROR BaseClass - This is the error message
2025-12-24 11:54:27 [TestNG-test-OrangeHRMtest-4] FATAL BaseClass - This is the fatal message
2025-12-24 11:54:29 [TestNG-test-OrangeHRMtest-2] ERROR BaseClass - This is the error message
2025-12-24 11:54:29 [TestNG-test-OrangeHRMtest-2] FATAL BaseClass - This is the fatal message
2025-12-24 11:54:34 [TestNG-test-OrangeHRMtest-5] ERROR BaseClass - This is the error message
2025-12-24 11:54:34 [TestNG-test-OrangeHRMtest-5] FATAL BaseClass - This is the fatal message
2025-12-24 11:54:34 [TestNG-test-OrangeHRMtest-2] ERROR BaseClass - This is the error message
2025-12-24 11:54:34 [TestNG-test-OrangeHRMtest-2] FATAL BaseClass - This is the fatal message
2025-12-24 11:54:37 [TestNG-test-OrangeHRMtest-1] ERROR BaseClass - This is the error message
2025-12-24 11:54:37 [TestNG-test-OrangeHRMtest-1] FATAL BaseClass - This is the fatal message
2025-12-24 11:54:39 [TestNG-test-OrangeHRMtest-2] ERROR BaseClass - This is the error message
2025-12-24 11:54:39 [TestNG-test-OrangeHRMtest-2] FATAL BaseClass - This is the fatal message
2025-12-24 11:54:44 [TestNG-test-OrangeHRMtest-2] ERROR BaseClass - This is the error message
2025-12-24 11:54:44 [TestNG-test-OrangeHRMtest-2] FATAL BaseClass - This is the fatal message
2025-12-24 11:57:14 [TestNG-test-OrangeHRMtest-1] ERROR BaseClass - This is the error message
2025-12-24 11:57:14 [TestNG-test-OrangeHRMtest-1] FATAL BaseClass - This is the fatal message
2025-12-24 11:57:14 [TestNG-test-OrangeHRMtest-4] ERROR BaseClass - This is the error message
2025-12-24 11:57:14 [TestNG-test-OrangeHRMtest-4] FATAL BaseClass - This is the fatal message
2025-12-24 11:57:14 [TestNG-test-OrangeHRMtest-5] ERROR BaseClass - This is the error message
2025-12-24 11:57:14 [TestNG-test-OrangeHRMtest-5] FATAL BaseClass - This is the fatal message
2025-12-24 11:57:15 [TestNG-test-OrangeHRMtest-3] ERROR BaseClass - This is the error message
2025-12-24 11:57:15 [TestNG-test-OrangeHRMtest-3] FATAL BaseClass - This is the fatal message
2025-12-24 11:57:17 [TestNG-test-OrangeHRMtest-4] ERROR BaseClass - This is the error message
2025-12-24 11:57:17 [TestNG-test-OrangeHRMtest-4] FATAL BaseClass - This is the fatal message
2025-12-24 11:57:19 [TestNG-test-OrangeHRMtest-5] ERROR BaseClass - This is the error message
2025-12-24 11:57:19 [TestNG-test-OrangeHRMtest-5] FATAL BaseClass - This is the fatal message
2025-12-24 11:57:20 [TestNG-test-OrangeHRMtest-4] ERROR BaseClass - This is the error message
2025-12-24 11:57:20 [TestNG-test-OrangeHRMtest-4] FATAL BaseClass - This is the fatal message
2025-12-24 11:57:22 [TestNG-test-OrangeHRMtest-1] ERROR BaseClass - This is the error message
2025-12-24 11:57:22 [TestNG-test-OrangeHRMtest-1] FATAL BaseClass - This is the fatal message
2025-12-24 11:57:24 [TestNG-test-OrangeHRMtest-4] ERROR BaseClass - This is the error message
2025-12-24 11:57:24 [TestNG-test-OrangeHRMtest-4] FATAL BaseClass - This is the fatal message
2025-12-24 11:57:28 [TestNG-test-OrangeHRMtest-4] ERROR BaseClass - This is the error message
2025-12-24 11:57:28 [TestNG-test-OrangeHRMtest-4] FATAL BaseClass - This is the fatal message
2025-12-24 11:57:28 [TestNG-test-OrangeHRMtest-1] ERROR BaseClass - This is the error message
2025-12-24 11:57:28 [TestNG-test-OrangeHRMtest-1] FATAL BaseClass - This is the fatal message
2025-12-24 11:57:32 [TestNG-test-OrangeHRMtest-1] ERROR BaseClass - This is the error message
2025-12-24 11:57:32 [TestNG-test-OrangeHRMtest-1] FATAL BaseClass - This is the fatal message
2025-12-24 11:57:36 [TestNG-test-OrangeHRMtest-1] ERROR BaseClass - This is the error message
2025-12-24 11:57:36 [TestNG-test-OrangeHRMtest-1] FATAL BaseClass - This is the fatal message
2025-12-24 11:57:41 [TestNG-test-OrangeHRMtest-1] ERROR BaseClass - This is the error message
2025-12-24 11:57:41 [TestNG-test-OrangeHRMtest-1] FATAL BaseClass - This is the fatal message
2025-12-24 11:58:52 [main] ERROR BaseClass - This is the error message
2025-12-24 11:58:52 [main] FATAL BaseClass - This is the fatal message
2025-12-24 11:58:56 [main] ERROR BaseClass - This is the error message
2025-12-24 11:58:56 [main] FATAL BaseClass - This is the fatal message
2025-12-24 11:59:10 [TestNG-test-OrangeHRMtest-4] ERROR BaseClass - This is the error message
2025-12-24 11:59:10 [TestNG-test-OrangeHRMtest-4] FATAL BaseClass - This is the fatal message
2025-12-24 11:59:10 [TestNG-test-OrangeHRMtest-5] ERROR BaseClass - This is the error message
2025-12-24 11:59:10 [TestNG-test-OrangeHRMtest-5] FATAL BaseClass - This is the fatal message
2025-12-24 11:59:10 [TestNG-test-OrangeHRMtest-3] ERROR BaseClass - This is the error message
2025-12-24 11:59:10 [TestNG-test-OrangeHRMtest-3] FATAL BaseClass - This is the fatal message
2025-12-24 11:59:10 [TestNG-test-OrangeHRMtest-1] ERROR BaseClass - This is the error message
2025-12-24 11:59:10 [TestNG-test-OrangeHRMtest-1] FATAL BaseClass - This is the fatal message
2025-12-24 11:59:12 [TestNG-test-OrangeHRMtest-4] ERROR BaseClass - This is the error message
2025-12-24 11:59:12 [TestNG-test-OrangeHRMtest-4] FATAL BaseClass - This is the fatal message
2025-12-24 11:59:15 [TestNG-test-OrangeHRMtest-5] ERROR BaseClass - This is the error message
2025-12-24 11:59:15 [TestNG-test-OrangeHRMtest-5] FATAL BaseClass - This is the fatal message
2025-12-24 11:59:16 [TestNG-test-OrangeHRMtest-4] ERROR BaseClass - This is the error message
2025-12-24 11:59:16 [TestNG-test-OrangeHRMtest-4] FATAL BaseClass - This is the fatal message
2025-12-24 11:59:18 [TestNG-test-OrangeHRMtest-1] ERROR BaseClass - This is the error message
2025-12-24 11:59:18 [TestNG-test-OrangeHRMtest-1] FATAL BaseClass - This is the fatal message
2025-12-24 11:59:19 [TestNG-test-OrangeHRMtest-4] ERROR BaseClass - This is the error message
2025-12-24 11:59:19 [TestNG-test-OrangeHRMtest-4] FATAL BaseClass - This is the fatal message
2025-12-24 11:59:23 [TestNG-test-OrangeHRMtest-4] ERROR BaseClass - This is the error message
2025-12-24 11:59:23 [TestNG-test-OrangeHRMtest-4] FATAL BaseClass - This is the fatal message
2025-12-24 12:04:35 [TestNG-test-OrangeHRMtest-4] ERROR BaseClass - This is the error message
2025-12-24 12:04:35 [TestNG-test-OrangeHRMtest-3] ERROR BaseClass - This is the error message
2025-12-24 12:04:35 [TestNG-test-OrangeHRMtest-4] FATAL BaseClass - This is the fatal message
2025-12-24 12:04:35 [TestNG-test-OrangeHRMtest-3] FATAL BaseClass - This is the fatal message
2025-12-24 12:04:35 [TestNG-test-OrangeHRMtest-5] ERROR BaseClass - This is the error message
2025-12-24 12:04:35 [TestNG-test-OrangeHRMtest-5] FATAL BaseClass - This is the fatal message
2025-12-24 12:04:36 [TestNG-test-OrangeHRMtest-1] ERROR BaseClass - This is the error message
2025-12-24 12:04:36 [TestNG-test-OrangeHRMtest-1] FATAL BaseClass - This is the fatal message
2025-12-24 12:04:38 [TestNG-test-OrangeHRMtest-3] ERROR BaseClass - This is the error message
2025-12-24 12:04:38 [TestNG-test-OrangeHRMtest-3] FATAL BaseClass - This is the fatal message
2025-12-24 12:04:41 [TestNG-test-OrangeHRMtest-5] ERROR BaseClass - This is the error message
2025-12-24 12:04:41 [TestNG-test-OrangeHRMtest-5] FATAL BaseClass - This is the fatal message
2025-12-24 12:04:42 [TestNG-test-OrangeHRMtest-3] ERROR BaseClass - This is the error message
2025-12-24 12:04:42 [TestNG-test-OrangeHRMtest-3] FATAL BaseClass - This is the fatal message
2025-12-24 12:04:45 [TestNG-test-OrangeHRMtest-1] ERROR BaseClass - This is the error message
2025-12-24 12:04:45 [TestNG-test-OrangeHRMtest-1] FATAL BaseClass - This is the fatal message
2025-12-24 12:04:45 [TestNG-test-OrangeHRMtest-3] ERROR BaseClass - This is the error message
2025-12-24 12:04:45 [TestNG-test-OrangeHRMtest-3] FATAL BaseClass - This is the fatal message
2025-12-24 12:04:50 [TestNG-test-OrangeHRMtest-3] ERROR BaseClass - This is the error message
2025-12-24 12:04:50 [TestNG-test-OrangeHRMtest-3] FATAL BaseClass - This is the fatal message
2025-12-24 14:32:21 [main] ERROR BaseClass - This is the error message
2025-12-24 14:32:21 [main] FATAL BaseClass - This is the fatal message
